<?xml version="1.0" encoding="UTF-8"?>
<!-- Generated by org.testng.reporters.JUnitReportReporter -->
<testsuite hostname="SWLL124" name="com.qa.tests.HomePageTest" tests="1" failures="0" timestamp="4 Jan 2020 07:48:50 GMT" time="92.506" errors="0">
  <testcase name="RunAllTests" time="92.506" classname="com.qa.tests.HomePageTest"/>
</testsuite> <!-- com.qa.tests.HomePageTest -->
